Using pre-set license
Built from '2021.3/staging' branch; Version is '2021.3.0f1 (6eacc8284459) revision 7253192'; Using compiler version '192829333'; Build Type 'Release'
OS: 'Windows 11  (10.0.22000) 64bit CoreSingleLanguage' Language: 'en' Physical Memory: 32509 MB
BatchMode: 1, IsHumanControllingUs: 0, StartBugReporterOnCrash: 0, Is64bit: 1, IsPro: 1

COMMAND LINE ARGUMENTS:
C:\Program Files\Unity\Hub\Editor\2021.3.0f1\Editor\Unity.exe
-adb2
-batchMode
-noUpm
-name
AssetImportWorker0
-projectPath
C:/Projects/GitLockForUnity
-logFile
Logs/AssetImportWorker0.log
-srvPort
51905
Successfully changed project path to: C:/Projects/GitLockForUnity
C:/Projects/GitLockForUnity
[UnityMemory] Configuration Parameters - Can be set up in boot.config
    "memorysetup-bucket-allocator-granularity=16"
    "memorysetup-bucket-allocator-bucket-count=8"
    "memorysetup-bucket-allocator-block-size=33554432"
    "memorysetup-bucket-allocator-block-count=8"
    "memorysetup-main-allocator-block-size=16777216"
    "memorysetup-thread-allocator-block-size=16777216"
    "memorysetup-gfx-main-allocator-block-size=16777216"
    "memorysetup-gfx-thread-allocator-block-size=16777216"
    "memorysetup-cache-allocator-block-size=4194304"
    "memorysetup-typetree-allocator-block-size=2097152"
    "memorysetup-profiler-bucket-allocator-granularity=16"
    "memorysetup-profiler-bucket-allocator-bucket-count=8"
    "memorysetup-profiler-bucket-allocator-block-size=33554432"
    "memorysetup-profiler-bucket-allocator-block-count=8"
    "memorysetup-profiler-allocator-block-size=16777216"
    "memorysetup-profiler-editor-allocator-block-size=1048576"
    "memorysetup-temp-allocator-size-main=16777216"
    "memorysetup-job-temp-allocator-block-size=2097152"
    "memorysetup-job-temp-allocator-block-size-background=1048576"
    "memorysetup-job-temp-allocator-reduction-small-platforms=262144"
    "memorysetup-temp-allocator-size-background-worker=32768"
    "memorysetup-temp-allocator-size-job-worker=262144"
    "memorysetup-temp-allocator-size-preload-manager=33554432"
    "memorysetup-temp-allocator-size-nav-mesh-worker=65536"
    "memorysetup-temp-allocator-size-audio-worker=65536"
    "memorysetup-temp-allocator-size-cloud-worker=32768"
    "memorysetup-temp-allocator-size-gi-baking-worker=262144"
    "memorysetup-temp-allocator-size-gfx=262144"
Refreshing native plugins compatible for Editor in 61.78 ms, found 2 plugins.
Preloading 0 native plugins for Editor in 0.00 ms.
Initialize engine version: 2021.3.0f1 (6eacc8284459)
[Subsystems] Discovering subsystems at path C:/Program Files/Unity/Hub/Editor/2021.3.0f1/Editor/Data/Resources/UnitySubsystems
[Subsystems] Discovering subsystems at path C:/Projects/GitLockForUnity/Assets
GfxDevice: creating device client; threaded=0; jobified=0
Direct3D:
    Version:  Direct3D 11.0 [level 11.1]
    Renderer: Intel(R) UHD Graphics (ID=0x9a68)
    Vendor:   Intel
    VRAM:     16254 MB
    Driver:   27.20.100.9565
Initialize mono
Mono path[0] = 'C:/Program Files/Unity/Hub/Editor/2021.3.0f1/Editor/Data/Managed'
Mono path[1] = 'C:/Program Files/Unity/Hub/Editor/2021.3.0f1/Editor/Data/MonoBleedingEdge/lib/mono/unityjit-win32'
Mono config path = 'C:/Program Files/Unity/Hub/Editor/2021.3.0f1/Editor/Data/MonoBleedingEdge/etc'
Using monoOptions --debugger-agent=transport=dt_socket,embedding=1,server=y,suspend=n,address=127.0.0.1:56344
Begin MonoManager ReloadAssembly
Registering precompiled unity dll's ...
Register platform support module: C:/Program Files/Unity/Hub/Editor/2021.3.0f1/Editor/Data/PlaybackEngines/WebGLSupport/UnityEditor.WebGL.Extensions.dll
Register platform support module: C:/Program Files/Unity/Hub/Editor/2021.3.0f1/Editor/Data/PlaybackEngines/MacStandaloneSupport/UnityEditor.OSXStandalone.Extensions.dll
Register platform support module: C:/Program Files/Unity/Hub/Editor/2021.3.0f1/Editor/Data/PlaybackEngines/AndroidPlayer/UnityEditor.Android.Extensions.dll
Register platform support module: C:/Program Files/Unity/Hub/Editor/2021.3.0f1/Editor/Data/PlaybackEngines/WindowsStandaloneSupport/UnityEditor.WindowsStandalone.Extensions.dll
Register platform support module: C:/Program Files/Unity/Hub/Editor/2021.3.0f1/Editor/Data/PlaybackEngines/LinuxStandaloneSupport/UnityEditor.LinuxStandalone.Extensions.dll
Register platform support module: C:/Program Files/Unity/Hub/Editor/2021.3.0f1/Editor/Data/PlaybackEngines/MetroSupport/UnityEditor.UWP.Extensions.dll
Registered in 0.006995 seconds.
Native extension for UWP target not found
Native extension for LinuxStandalone target not found
Native extension for WindowsStandalone target not found
Native extension for Android target not found
Native extension for OSXStandalone target not found
Native extension for WebGL target not found
Refreshing native plugins compatible for Editor in 50.42 ms, found 2 plugins.
Preloading 0 native plugins for Editor in 0.00 ms.
Mono: successfully reloaded assembly
- Completed reload, in  0.782 seconds
Domain Reload Profiling:
	ReloadAssembly (783ms)
		BeginReloadAssembly (82ms)
			ExecutionOrderSort (0ms)
			DisableScriptedObjects (0ms)
			BackupInstance (0ms)
			ReleaseScriptingObjects (0ms)
			CreateAndSetChildDomain (1ms)
		EndReloadAssembly (555ms)
			LoadAssemblies (81ms)
			RebuildTransferFunctionScriptingTraits (0ms)
			SetupTypeCache (148ms)
			ReleaseScriptCaches (0ms)
			RebuildScriptCaches (38ms)
			SetupLoadedEditorAssemblies (311ms)
				LogAssemblyErrors (0ms)
				InitializePlatformSupportModulesInManaged (83ms)
				SetLoadedEditorAssemblies (0ms)
				RefreshPlugins (51ms)
				BeforeProcessingInitializeOnLoad (2ms)
				ProcessInitializeOnLoadAttributes (129ms)
				ProcessInitializeOnLoadMethodAttributes (46ms)
				AfterProcessingInitializeOnLoad (0ms)
				EditorAssembliesLoaded (0ms)
			ExecutionOrderSort2 (0ms)
			AwakeInstancesAfterBackupRestoration (0ms)
Platform modules already initialized, skipping
Registering precompiled user dll's ...
Registered in 0.005983 seconds.
Begin MonoManager ReloadAssembly
Symbol file LoadedFromMemory is not a mono symbol file
Native extension for UWP target not found
Native extension for LinuxStandalone target not found
Native extension for WindowsStandalone target not found
Native extension for Android target not found
Native extension for OSXStandalone target not found
Native extension for WebGL target not found
Refreshing native plugins compatible for Editor in 0.77 ms, found 2 plugins.
Preloading 0 native plugins for Editor in 0.00 ms.
Package Manager log level set to [2]
Mono: successfully reloaded assembly
- Completed reload, in  1.268 seconds
Domain Reload Profiling:
	ReloadAssembly (1269ms)
		BeginReloadAssembly (231ms)
			ExecutionOrderSort (0ms)
			DisableScriptedObjects (6ms)
			BackupInstance (0ms)
			ReleaseScriptingObjects (0ms)
			CreateAndSetChildDomain (139ms)
		EndReloadAssembly (918ms)
			LoadAssemblies (90ms)
			RebuildTransferFunctionScriptingTraits (0ms)
			SetupTypeCache (210ms)
			ReleaseScriptCaches (1ms)
			RebuildScriptCaches (69ms)
			SetupLoadedEditorAssemblies (486ms)
				LogAssemblyErrors (0ms)
				InitializePlatformSupportModulesInManaged (24ms)
				SetLoadedEditorAssemblies (1ms)
				RefreshPlugins (1ms)
				BeforeProcessingInitializeOnLoad (73ms)
				ProcessInitializeOnLoadAttributes (247ms)
				ProcessInitializeOnLoadMethodAttributes (135ms)
				AfterProcessingInitializeOnLoad (6ms)
				EditorAssembliesLoaded (0ms)
			ExecutionOrderSort2 (0ms)
			AwakeInstancesAfterBackupRestoration (6ms)
Platform modules already initialized, skipping
========================================================================
Worker process is ready to serve import requests
Launched and connected shader compiler UnityShaderCompiler.exe after 0.06 seconds
Refreshing native plugins compatible for Editor in 0.72 ms, found 2 plugins.
Preloading 0 native plugins for Editor in 0.00 ms.
Unloading 2246 Unused Serialized files (Serialized files now loaded: 0)
Unloading 61 unused Assets / (57.0 KB). Loaded Objects now: 2681.
Memory consumption went from 87.6 MB to 87.6 MB.
Total: 7.522600 ms (FindLiveObjects: 0.288100 ms CreateObjectMapping: 0.208700 ms MarkObjects: 6.928000 ms  DeleteObjects: 0.095500 ms)

AssetImportParameters requested are different than current active one (requested -> active):
  custom:video-decoder-ogg-theora: a1e56fd34408186e4bbccfd4996cb3dc -> 
  custom:container-muxer-webm: aa71ff27fc2769a1b78a27578f13a17b -> 
  custom:container-demuxer-webm: 4f35f7cbe854078d1ac9338744f61a02 -> 
  custom:video-encoder-webm-vp8: eb34c28f22e8b96e1ab97ce403110664 -> 
  custom:audio-encoder-webm-vorbis: bf7c407c2cedff20999df2af8eb42d56 -> 
  custom:framework-win-MediaFoundation: 216162199b28c13a410421893ffa2e32 -> 
  custom:container-demuxer-ogg: 62fdf1f143b41e24485cea50d1cbac27 -> 
  custom:video-decoder-webm-vp8: 9c59270c3fd7afecdb556c50c9e8de78 -> 
  custom:audio-decoder-ogg-vorbis: bf7c407c2cedff20999df2af8eb42d56 -> 
========================================================================
Received Import Request.
  Time since last request: 1491365.384370 seconds.
  path: Assets
  artifactKey: Guid(00000000000000001000000000000000) Importer(815301076,1909f56bfc062723c751e8b465ee728b)
Start importing Assets using Guid(00000000000000001000000000000000) Importer(815301076,1909f56bfc062723c751e8b465ee728b)  -> (artifact id: '79842766b460edbeab6a34051e857a80') in 0.016187 seconds 
========================================================================
Received Import Request.
  Time since last request: 7.275831 seconds.
  path: Assets/Prefabs
  artifactKey: Guid(e16622f8c76fac5419e65bae5546a598) Importer(815301076,1909f56bfc062723c751e8b465ee728b)
Start importing Assets/Prefabs using Guid(e16622f8c76fac5419e65bae5546a598) Importer(815301076,1909f56bfc062723c751e8b465ee728b)  -> (artifact id: 'ef07f9fc4cf5836bbd264084c694e1e8') in 0.009510 seconds 
========================================================================
Received Import Request.
  Time since last request: 3.195702 seconds.
  path: Assets/Prefabs/CustomParent.prefab
  artifactKey: Guid(8736c6931db626d42a3331127362d219) Importer(815301076,1909f56bfc062723c751e8b465ee728b)
Start importing Assets/Prefabs/CustomParent.prefab using Guid(8736c6931db626d42a3331127362d219) Importer(815301076,1909f56bfc062723c751e8b465ee728b)  -> (artifact id: 'ed87cec55b164cedec062a4fd27f063b') in 0.031596 seconds 
========================================================================
Received Import Request.
  Time since last request: 232.171944 seconds.
  path: Assets/Prefabs/CustomPrefabParent.prefab
  artifactKey: Guid(8736c6931db626d42a3331127362d219) Importer(815301076,1909f56bfc062723c751e8b465ee728b)
Start importing Assets/Prefabs/CustomPrefabParent.prefab using Guid(8736c6931db626d42a3331127362d219) Importer(815301076,1909f56bfc062723c751e8b465ee728b)  -> (artifact id: 'cc90ecf061c17a57ed261c0ec43a452e') in 0.012133 seconds 
========================================================================
Received Import Request.
  Time since last request: 20.822200 seconds.
  path: Assets/Prefabs/CustomPrefabParent.prefab
  artifactKey: Guid(8736c6931db626d42a3331127362d219) Importer(815301076,1909f56bfc062723c751e8b465ee728b)
Start importing Assets/Prefabs/CustomPrefabParent.prefab using Guid(8736c6931db626d42a3331127362d219) Importer(815301076,1909f56bfc062723c751e8b465ee728b)  -> (artifact id: '52a08b69b8b403becdba1f558231aaf4') in 0.005476 seconds 
========================================================================
Received Import Request.
  Time since last request: 136.590317 seconds.
  path: Assets/Scenes/SampleSceneCustom.unity
  artifactKey: Guid(cd817d4f9d8e45a4699b2c3a98694c38) Importer(815301076,1909f56bfc062723c751e8b465ee728b)
Start importing Assets/Scenes/SampleSceneCustom.unity using Guid(cd817d4f9d8e45a4699b2c3a98694c38) Importer(815301076,1909f56bfc062723c751e8b465ee728b)  -> (artifact id: '166ce9cfbe8f3aa1f2e8a39594beba0c') in 0.006765 seconds 
========================================================================
Received Import Request.
  Time since last request: 328.160670 seconds.
  path: Assets/Resources
  artifactKey: Guid(a3e47f73f76f44145b9c847cb0a776f0) Importer(815301076,1909f56bfc062723c751e8b465ee728b)
Start importing Assets/Resources using Guid(a3e47f73f76f44145b9c847cb0a776f0) Importer(815301076,1909f56bfc062723c751e8b465ee728b)  -> (artifact id: '20c298e379eaf1595b6ee3372e116c40') in 0.008878 seconds 
========================================================================
Received Import Request.
  Time since last request: 1.449200 seconds.
  path: Assets/Resources/BillingMode.json
  artifactKey: Guid(bdb888db35a57f744af4732e1a52b417) Importer(815301076,1909f56bfc062723c751e8b465ee728b)
Start importing Assets/Resources/BillingMode.json using Guid(bdb888db35a57f744af4732e1a52b417) Importer(815301076,1909f56bfc062723c751e8b465ee728b)  -> (artifact id: 'c90eebd6a23180d3918f276bc8aa8a06') in 0.056786 seconds 
========================================================================
Received Import Request.
  Time since last request: 6.762722 seconds.
  path: Assets/GitLock/Editor Resources/Loading
  artifactKey: Guid(7e30eb9cbcb4f554c989a6e74fc5836b) Importer(815301076,1909f56bfc062723c751e8b465ee728b)
Start importing Assets/GitLock/Editor Resources/Loading using Guid(7e30eb9cbcb4f554c989a6e74fc5836b) Importer(815301076,1909f56bfc062723c751e8b465ee728b)  -> (artifact id: '2973bdb67cd9ece802196ad2dcbe275c') in 0.010339 seconds 
========================================================================
Received Import Request.
  Time since last request: 1.077146 seconds.
  path: Assets/GitLock/Editor Resources/Icons
  artifactKey: Guid(3c23a4cd8bdf5a64f932ed56943f9807) Importer(815301076,1909f56bfc062723c751e8b465ee728b)
Start importing Assets/GitLock/Editor Resources/Icons using Guid(3c23a4cd8bdf5a64f932ed56943f9807) Importer(815301076,1909f56bfc062723c751e8b465ee728b)  -> (artifact id: '08ae4f2116ec0a10a2f252cf04b76646') in 0.008603 seconds 
========================================================================
Received Import Request.
  Time since last request: 0.071302 seconds.
  path: Assets/GitLock/Editor Resources/Icons/Locked.png
  artifactKey: Guid(4f05854495eab7d4f9954fe53ed3b5dc) Importer(815301076,1909f56bfc062723c751e8b465ee728b)
Start importing Assets/GitLock/Editor Resources/Icons/Locked.png using Guid(4f05854495eab7d4f9954fe53ed3b5dc) Importer(815301076,1909f56bfc062723c751e8b465ee728b)  -> (artifact id: '256e7a93ca3cc525333a041cac1838c5') in 0.075436 seconds 
========================================================================
Received Import Request.
  Time since last request: 0.000032 seconds.
  path: Assets/GitLock/Editor Resources/Icons/Updated.png
  artifactKey: Guid(3968ba2d7bee7954990200884cc0b314) Importer(815301076,1909f56bfc062723c751e8b465ee728b)
Start importing Assets/GitLock/Editor Resources/Icons/Updated.png using Guid(3968ba2d7bee7954990200884cc0b314) Importer(815301076,1909f56bfc062723c751e8b465ee728b)  -> (artifact id: 'dc7a4167adbef9991e90cdf945788049') in 0.015744 seconds 
========================================================================
Received Import Request.
  Time since last request: 0.000060 seconds.
  path: Assets/GitLock/Editor Resources/Icons/UnlockedWithChanges.png
  artifactKey: Guid(3612bc568da8488429740813a16c7768) Importer(815301076,1909f56bfc062723c751e8b465ee728b)
Start importing Assets/GitLock/Editor Resources/Icons/UnlockedWithChanges.png using Guid(3612bc568da8488429740813a16c7768) Importer(815301076,1909f56bfc062723c751e8b465ee728b)  -> (artifact id: '7d8d9031435629a1736866353bdc091e') in 0.015414 seconds 
Editor requested this worker to shutdown with reason: Scaling down because of idle timeout
AssetImportWorker is now disconnected from the server
Process exiting
Exiting without the bug reporter. Application will terminate with return code 0